ISim log file
Running: C:\Users\C15Travis.Schriner\Documents\2dig\ECE383\Lab1_VGAController\Lab1_VGAController\v_sync_test_isim_beh.exe -intstyle ise -gui -tclbatch isim.cmd -wdb C:/Users/C15Travis.Schriner/Documents/2dig/ECE383/Lab1_VGAController/Lab1_VGAController/v_sync_test_isim_beh.wdb 
ISim P.15xf (signature 0xc3576ebc)
This is a Full version of ISim.
Time resolution is 1 ps
# onerror resume
# wave add /
# run 1000 ns
Simulator is doing circuit initialization process.
at 0 ps, Instance /v_sync_test/uut/ : Warning: NUMERIC_STD."=": metavalue detected, returning FALSE
Finished circuit initialization process.
at 5 ns(2), Instance /v_sync_test/uut/ : Warning: NUMERIC_STD."=": metavalue detected, returning FALSE
at 110 ns: Error: reset broke
# run 20.00us
at 4910 ns: Error: active at 300 broke
at 5010 ns: Error: front porch broke
at 5030 ns: Error: sync pulse broke
at 5360 ns: Error: back porch broke
at 5840 ns: Error: completed signal broke
# run 20.00us
ISim P.15xf (signature 0xc3576ebc)
This is a Full version of ISim.
# run 1000 ns
Simulator is doing circuit initialization process.
at 0 ps, Instance /v_sync_test/uut/ : Warning: NUMERIC_STD."=": metavalue detected, returning FALSE
Finished circuit initialization process.
# run 20.00us
at 4910 ns: Error: active at 300 broke
at 5010 ns: Error: front porch broke
at 5030 ns: Error: sync pulse broke
at 5360 ns: Error: back porch broke
at 5840 ns: Error: completed signal broke
